[13Jul2025 00:01:40.350] [Server thread/INFO] [net.minecraft.server.MinecraftServer/]: [Not Secure] <rufoogati> sigues abajo?
[13Jul2025 00:01:51.347] [Server thread/INFO] [net.minecraft.server.MinecraftServer/]: [Not Secure] <MatiasTUMTUMSAUR> si ya estoy subiendo
[13Jul2025 00:03:42.701] [Server thread/INFO] [net.minecraft.server.MinecraftServer/]: [Not Secure] <rufoogati> nos quedamos en esta aldea o otro lado
[13Jul2025 00:03:48.997] [Server thread/INFO] [net.minecraft.server.MinecraftServer/]: [Not Secure] <MatiasTUMTUMSAUR> ni idea
[13Jul2025 00:04:35.000] [Server thread/INFO] [net.minecraft.server.MinecraftServer/]: rufoogati has reached the goal [Flowers of the Savanna]
[13Jul2025 00:06:44.601] [Server thread/INFO] [net.minecraft.server.MinecraftServer/]: rufoogati has made the advancement [Alex's Caves]
[13Jul2025 00:06:50.971] [Server thread/INFO] [net.minecraft.server.MinecraftServer/]: [Not Secure] <MatiasTUMTUMSAUR> que
[13Jul2025 00:07:12.601] [Server thread/INFO] [net.minecraft.server.MinecraftServer/]: [Not Secure] <MatiasTUMTUMSAUR> dnd estas
[13Jul2025 00:07:17.709] [Server thread/INFO] [net.minecraft.server.MinecraftServer/]: [Not Secure] <rufoogati> en una cueva
[13Jul2025 00:08:17.149] [Server thread/INFO] [net.minecraft.server.MinecraftServer/]: [Not Secure] <MatiasTUMTUMSAUR> te coonsegui una espada de diamante y pico
[13Jul2025 00:09:39.168] [Server thread/INFO] [net.minecraft.server.MinecraftServer/]: rufoogati has made the advancement [It Belongs in a Museum]
[13Jul2025 00:12:33.106] [Server thread/INFO] [net.minecraft.server.MinecraftServer/]: [Not Secure] <MatiasTUMTUMSAUR> tienes cama?}
[13Jul2025 00:12:37.754] [Server thread/INFO] [net.minecraft.server.MinecraftServer/]: [Not Secure] <rufoogati> se
[13Jul2025 00:12:42.561] [Server thread/INFO] [net.minecraft.server.MinecraftServer/]: [Not Secure] <MatiasTUMTUMSAUR> dormi
[13Jul2025 00:12:49.949] [Server thread/INFO] [net.minecraft.server.MinecraftServer/]: [Not Secure] <MatiasTUMTUMSAUR> sdafnafeoine
[13Jul2025 00:13:05.051] [Server thread/INFO] [net.minecraft.server.MinecraftServer/]: [Not Secure] <MatiasTUMTUMSAUR> me olvide conseguir obsidiana
[13Jul2025 00:13:14.020] [Server thread/INFO] [net.minecraft.server.MinecraftServer/]: [Not Secure] <rufoogati> blodown
[13Jul2025 00:14:47.552] [Server thread/INFO] [net.minecraft.server.MinecraftServer/]: MatiasTUMTUMSAUR has made the advancement [Food Fight]
[13Jul2025 00:15:34.518] [Server thread/INFO] [net.minecraft.server.MinecraftServer/]: rufoogati has made the advancement [Deceived Hopes]
[13Jul2025 00:15:42.351] [Server thread/INFO] [net.minecraft.server.MinecraftServer/]: [Not Secure] <MatiasTUMTUMSAUR> t
[13Jul2025 00:16:05.110] [Server thread/INFO] [net.minecraft.server.MinecraftServer/]: [Not Secure] <MatiasTUMTUMSAUR> vamonos
[13Jul2025 00:16:11.548] [Server thread/INFO] [net.minecraft.server.MinecraftServer/]: [Not Secure] <rufoogati> q
[13Jul2025 00:16:14.355] [Server thread/INFO] [net.minecraft.server.MinecraftServer/]: [Not Secure] <rufoogati> recien entro
[13Jul2025 00:16:35.752] [Server thread/INFO] [net.minecraft.server.MinecraftServer/]: [Not Secure] <MatiasTUMTUMSAUR> necesito cuero para la mochi
[13Jul2025 00:16:41.914] [Server thread/INFO] [net.minecraft.server.MinecraftServer/]: [Not Secure] <MatiasTUMTUMSAUR> y aca no hay
[13Jul2025 00:16:42.703] [Server thread/INFO] [net.minecraft.server.MinecraftServer/]: [Not Secure] <rufoogati> bueno pera
[13Jul2025 00:16:51.797] [Server thread/INFO] [net.minecraft.server.MinecraftServer/]: [Not Secure] <rufoogati> primero quiero matar a alguien
[13Jul2025 00:16:58.503] [Server thread/INFO] [net.minecraft.server.MinecraftServer/]: [Not Secure] <MatiasTUMTUMSAUR> te doy pico
[13Jul2025 00:17:04.599] [Server thread/INFO] [net.minecraft.server.MinecraftServer/]: [Not Secure] <MatiasTUMTUMSAUR> y espada
[13Jul2025 00:18:19.650] [Server thread/INFO] [net.minecraft.server.MinecraftServer/]: rufoogati has made the advancement [Junior Summoner]
[13Jul2025 00:20:33.149] [Server thread/INFO] [net.minecraft.server.MinecraftServer/]: rufoogati has reached the goal [Arachnophobe's Nightmare]
[13Jul2025 00:20:42.701] [Server thread/INFO] [net.minecraft.server.MinecraftServer/]: [Not Secure] <MatiasTUMTUMSAUR> que estas haciendo
[13Jul2025 00:20:50.153] [Server thread/INFO] [net.minecraft.server.MinecraftServer/]: [Not Secure] <MatiasTUMTUMSAUR> en que tipo de cueva estas
[13Jul2025 00:20:59.302] [Server thread/INFO] [net.minecraft.server.MinecraftServer/]: [Not Secure] <MatiasTUMTUMSAUR> pq puse un mod de cuevas
[13Jul2025 00:21:11.266] [Server thread/INFO] [net.minecraft.server.MinecraftServer/]: [Not Secure] <rufoogati> ya salgo
[13Jul2025 00:21:19.247] [Server thread/INFO] [net.minecraft.server.MinecraftServer/]: [Not Secure] <MatiasTUMTUMSAUR> eee
[13Jul2025 00:21:26.559] [Server thread/INFO] [net.minecraft.server.MinecraftServer/]: [Not Secure] <MatiasTUMTUMSAUR> un elefffante
[13Jul2025 00:21:33.123] [Server thread/INFO] [net.minecraft.server.MinecraftServer/]: [Not Secure] <rufoogati> si ya los vi
[13Jul2025 00:21:40.599] [Server thread/INFO] [net.minecraft.server.MinecraftServer/]: [Not Secure] <rufoogati> no dan nada
[13Jul2025 00:21:52.348] [Server thread/INFO] [net.minecraft.server.MinecraftServer/]: [Not Secure] <MatiasTUMTUMSAUR> help bro
[13Jul2025 00:22:01.703] [Server thread/INFO] [net.minecraft.server.MinecraftServer/]: [Not Secure] <rufoogati> pera
[13Jul2025 00:22:04.000] [Server thread/INFO] [net.minecraft.server.MinecraftServer/]: [Not Secure] <MatiasTUMTUMSAUR> esta muy roto
[13Jul2025 00:22:15.445] [Server thread/INFO] [net.minecraft.server.MinecraftServer/]: [Not Secure] <MatiasTUMTUMSAUR> igual
[13Jul2025 00:22:16.213] [Server thread/INFO] [net.minecraft.server.MinecraftServer/]: [Not Secure] <rufoogati> subi 3 bloques
[13Jul2025 00:22:25.546] [Server thread/INFO] [net.minecraft.server.MinecraftServer/]: [Not Secure] <MatiasTUMTUMSAUR> tengo la cama cerca
[13Jul2025 00:22:41.549] [Server thread/INFO] [net.minecraft.server.MinecraftServer/]: MatiasTUMTUMSAUR was doomed to fall by Elephant
[13Jul2025 00:23:32.658] [Server thread/INFO] [net.minecraft.server.MinecraftServer/]: [Not Secure] <rufoogati> donde estas
[13Jul2025 00:23:51.547] [Server thread/INFO] [net.minecraft.server.MinecraftServer/]: [Not Secure] <MatiasTUMTUMSAUR> buscanod
[13Jul2025 00:23:57.851] [Server thread/INFO] [net.minecraft.server.MinecraftServer/]: [Not Secure] <rufoogati> dormi
[13Jul2025 00:26:19.405] [Server thread/INFO] [net.minecraft.server.MinecraftServer/]: [Not Secure] <MatiasTUMTUMSAUR> e w
[13Jul2025 00:26:26.806] [Server thread/INFO] [net.minecraft.server.MinecraftServer/]: [Not Secure] <rufoogati> donde chotas esta
[13Jul2025 00:26:28.705] [Server thread/INFO] [net.minecraft.server.MinecraftServer/]: [Not Secure] <rufoogati> s
[13Jul2025 00:27:19.452] [Server thread/INFO] [net.minecraft.server.MinecraftServer/]: MatiasTUMTUMSAUR has reached the goal [Fighting Nightmares]
[13Jul2025 00:28:07.899] [Server thread/INFO] [net.minecraft.server.MinecraftServer/]: MatiasTUMTUMSAUR has made the advancement [Junior Summoner]
[13Jul2025 00:28:29.852] [Server thread/INFO] [net.minecraft.server.MinecraftServer/]: rufoogati was slain by Nightmare Stalker
[13Jul2025 00:28:55.346] [Server thread/INFO] [net.minecraft.world.entity.npc.Villager/]: Villager Villager['Villager'/55328, l='ServerLevel[world]', x=-417.43, y=68.00, z=360.44] died, message: 'Villager was slain by Zombie'
[13Jul2025 00:29:13.449] [Server thread/INFO] [net.minecraft.server.MinecraftServer/]: MatiasTUMTUMSAUR has made the advancement [Life turned out to be a comedy]
[13Jul2025 00:29:41.505] [Server thread/INFO] [net.minecraft.server.MinecraftServer/]: [Not Secure] <MatiasTUMTUMSAUR> no puedo dormir
[13Jul2025 00:32:12.191] [Server thread/INFO] [net.minecraft.world.entity.npc.Villager/]: Villager Villager['Villager'/51811, l='ServerLevel[world]', x=-264.91, y=56.00, z=510.57] died, message: 'Villager was slain by Zombie'
[13Jul2025 00:32:24.245] [Server thread/INFO] [net.minecraft.server.MinecraftServer/]: [Not Secure] <rufoogati> lapaca
[13Jul2025 00:32:25.768] [Server thread/INFO] [net.minecraft.server.MinecraftServer/]: [Not Secure] <rufoogati> donde estas
[13Jul2025 00:32:28.410] [Server thread/INFO] [net.minecraft.server.MinecraftServer/]: [Not Secure] <rufoogati> te necesito
[13Jul2025 00:33:47.404] [Server thread/INFO] [net.minecraft.server.MinecraftServer/]: [Not Secure] <MatiasTUMTUMSAUR> estotyu en la aldea
[13Jul2025 00:33:54.504] [Server thread/INFO] [net.minecraft.server.MinecraftServer/]: [Not Secure] <rufoogati> veni
[13Jul2025 00:34:02.465] [Server thread/INFO] [net.minecraft.server.MinecraftServer/]: [Not Secure] <MatiasTUMTUMSAUR> donde
[13Jul2025 00:34:19.157] [Server thread/INFO] [net.minecraft.server.MinecraftServer/]: [Not Secure] <MatiasTUMTUMSAUR> u waCHO
[13Jul2025 00:34:27.944] [Server thread/INFO] [net.minecraft.server.MinecraftServer/]: [Not Secure] <rufoogati> en que part eestas
[13Jul2025 00:34:29.862] [Server thread/INFO] [net.minecraft.server.MinecraftServer/]: [Not Secure] <MatiasTUMTUMSAUR> UN TORTUGA
[13Jul2025 00:34:40.196] [Server thread/INFO] [net.minecraft.server.MinecraftServer/]: [Not Secure] <MatiasTUMTUMSAUR> NSE
[13Jul2025 00:34:43.796] [Server thread/INFO] [net.minecraft.server.MinecraftServer/]: [Not Secure] <MatiasTUMTUMSAUR> EN LA ALDEA
[13Jul2025 00:35:40.247] [Server thread/INFO] [net.minecraft.server.MinecraftServer/]: [Not Secure] <MatiasTUMTUMSAUR> re rotos los elefantes
[13Jul2025 00:35:45.898] [Server thread/INFO] [net.minecraft.server.MinecraftServer/]: [Not Secure] <rufoogati> no te veo
[13Jul2025 00:35:54.397] [Server thread/INFO] [net.minecraft.server.MinecraftServer/]: [Not Secure] <MatiasTUMTUMSAUR> espera
[13Jul2025 00:36:40.513] [Server thread/INFO] [net.minecraft.server.MinecraftServer/]: [Not Secure] <MatiasTUMTUMSAUR> dnd estas
[13Jul2025 00:36:51.520] [Server thread/INFO] [net.minecraft.server.MinecraftServer/]: [Not Secure] <rufoogati> en la campana de la ladea
[13Jul2025 00:37:25.800] [Server thread/INFO] [net.minecraft.server.MinecraftServer/]: [Not Secure] <MatiasTUMTUMSAUR> mentira
[13Jul2025 00:37:30.747] [Server thread/INFO] [net.minecraft.server.MinecraftServer/]: [Not Secure] <MatiasTUMTUMSAUR> no hay nada
[13Jul2025 00:37:35.648] [Server thread/INFO] [net.minecraft.server.MinecraftServer/]: [Not Secure] <rufoogati> me parece que estamos en diferentes aldeas
[13Jul2025 00:37:38.549] [Server thread/INFO] [net.minecraft.server.MinecraftServer/]: [Not Secure] <rufoogati> pasa cordenadas
[13Jul2025 00:37:56.997] [Server thread/INFO] [net.minecraft.server.MinecraftServer/]: [Not Secure] <MatiasTUMTUMSAUR> menos 237
[13Jul2025 00:38:06.445] [Server thread/INFO] [net.minecraft.server.MinecraftServer/]: [Not Secure] <MatiasTUMTUMSAUR> 70
[13Jul2025 00:38:13.415] [Server thread/INFO] [net.minecraft.server.MinecraftServer/]: [Not Secure] <MatiasTUMTUMSAUR> 538
[13Jul2025 00:38:14.745] [Server thread/INFO] [net.minecraft.server.MinecraftServer/]: [Not Secure] <rufoogati> re lejos
[13Jul2025 00:38:38.264] [Server thread/INFO] [net.minecraft.server.MinecraftServer/]: [Not Secure] <MatiasTUMTUMSAUR> vos?
[13Jul2025 00:39:15.516] [Server thread/INFO] [net.minecraft.server.MinecraftServer/]: [Not Secure] <rufoogati> ya vi
[13Jul2025 00:39:35.052] [Server thread/INFO] [net.minecraft.server.MinecraftServer/]: [Not Secure] <rufoogati> re grande esta aldea
[13Jul2025 00:39:51.290] [Server thread/INFO] [net.minecraft.server.MinecraftServer/]: [Not Secure] <MatiasTUMTUMSAUR> ya te vi
[13Jul2025 00:40:05.520] [Server thread/INFO] [net.minecraft.server.MinecraftServer/]: [Not Secure] <MatiasTUMTUMSAUR> dame comida
[13Jul2025 00:40:18.688] [Server thread/INFO] [net.minecraft.server.MinecraftServer/]: [Not Secure] <MatiasTUMTUMSAUR> comida
[13Jul2025 00:40:19.699] [Server thread/INFO] [net.minecraft.server.MinecraftServer/]: [Not Secure] <rufoogati> veni a esta aldea
[13Jul2025 00:40:39.821] [Server thread/INFO] [net.minecraft.server.MinecraftServer/]: [Not Secure] <rufoogati> venii
[13Jul2025 00:41:44.053] [Server thread/INFO] [net.minecraft.server.MinecraftServer/]: [Not Secure] <rufoogati> deja tus cosas
[13Jul2025 00:41:47.751] [Server thread/INFO] [net.minecraft.server.MinecraftServer/]: [Not Secure] <rufoogati> importatens
[13Jul2025 00:41:52.247] [Server thread/INFO] [net.minecraft.server.MinecraftServer/]: [Not Secure] <rufoogati> y vamos a matar a uno
[13Jul2025 00:41:54.840] [Server thread/INFO] [net.minecraft.server.MinecraftServer/]: [Not Secure] <rufoogati> un jefe
[13Jul2025 00:42:02.017] [Server thread/INFO] [net.minecraft.server.MinecraftServer/]: [Not Secure] <rufoogati> ya?
[13Jul2025 00:42:08.819] [Server thread/INFO] [net.minecraft.server.MinecraftServer/]: [Not Secure] <rufoogati> lleva una cama
[13Jul2025 00:42:14.685] [Server thread/INFO] [net.minecraft.server.MinecraftServer/]: [Not Secure] <MatiasTUMTUMSAUR> es para vos
[13Jul2025 00:42:27.895] [Server thread/INFO] [net.minecraft.server.MinecraftServer/]: [Not Secure] <MatiasTUMTUMSAUR> yo tengo como dos esapdas mas y picos
[13Jul2025 00:42:30.749] [Server thread/INFO] [net.minecraft.server.MinecraftServer/]: [Not Secure] <rufoogati> lleva una cama
[13Jul2025 00:42:43.092] [Server thread/INFO] [net.minecraft.server.MinecraftServer/]: [Not Secure] <rufoogati> nono
[13Jul2025 00:42:45.042] [Server thread/INFO] [net.minecraft.server.MinecraftServer/]: [Not Secure] <rufoogati> llevatela
[13Jul2025 00:42:47.291] [Server thread/INFO] [net.minecraft.server.MinecraftServer/]: [Not Secure] <rufoogati> encima
[13Jul2025 00:42:51.867] [Server thread/INFO] [net.minecraft.server.MinecraftServer/]: [Not Secure] <rufoogati> veni
[13Jul2025 00:43:47.355] [Server thread/INFO] [net.minecraft.server.MinecraftServer/]: [Not Secure] <rufoogati> durmamo
[13Jul2025 00:43:59.359] [Server thread/INFO] [net.minecraft.server.MinecraftServer/]: [Not Secure] <MatiasTUMTUMSAUR> qq
[13Jul2025 00:44:12.008] [Server thread/INFO] [net.minecraft.server.MinecraftServer/]: [Not Secure] <rufoogati> ya
[13Jul2025 00:44:12.837] [Server thread/INFO] [net.minecraft.server.MinecraftServer/]: [Not Secure] <rufoogati> veni
[13Jul2025 00:44:31.554] [Server thread/INFO] [net.minecraft.server.MinecraftServer/]: [Not Secure] <rufoogati> cuidado que tira rayos
[13Jul2025 00:45:01.142] [Server thread/INFO] [net.minecraft.server.MinecraftServer/]: [Not Secure] <rufoogati> a los de blanco matalos
[13Jul2025 00:45:48.743] [Server thread/INFO] [net.minecraft.server.MinecraftServer/]: [Not Secure] <rufoogati> no te centres en esos
[13Jul2025 00:45:56.050] [Server thread/INFO] [net.minecraft.server.MinecraftServer/]: [Not Secure] <rufoogati> somo mata a los que esten marcados de blanco
[13Jul2025 00:47:20.893] [Server thread/INFO] [net.minecraft.server.MinecraftServer/]: [Not Secure] <MatiasTUMTUMSAUR> ayudydaa
[13Jul2025 00:47:29.890] [Server thread/INFO] [net.minecraft.server.MinecraftServer/]: [Not Secure] <MatiasTUMTUMSAUR> deja
